make --dry-run --always-make --keep-going --print-directory
make: Entering directory `/Users/chaminjae/Desktop/42/cursus/minishell'
echo "[~] Linking src/test/distinguish.c"
gcc -I includes -Wall -Werror -Wextra -g3 -fsanitize=address -I/Users/chaminjae/.brew/opt/readline/include -c -o obj/distinguish.o src/test/distinguish.c
echo "[~] Linking src/test/test.c"
gcc -I includes -Wall -Werror -Wextra -g3 -fsanitize=address -I/Users/chaminjae/.brew/opt/readline/include -c -o obj/test.o src/test/test.c
echo "[~] Linking src/test/is/error_is_quot.c"
gcc -I includes -Wall -Werror -Wextra -g3 -fsanitize=address -I/Users/chaminjae/.brew/opt/readline/include -c -o obj/error_is_quot.o src/test/is/error_is_quot.c
echo "[~] Linking src/test/is/is_dolr.c"
gcc -I includes -Wall -Werror -Wextra -g3 -fsanitize=address -I/Users/chaminjae/.brew/opt/readline/include -c -o obj/is_dolr.o src/test/is/is_dolr.c
echo "[~] Linking src/test/is/is_null.c"
gcc -I includes -Wall -Werror -Wextra -g3 -fsanitize=address -I/Users/chaminjae/.brew/opt/readline/include -c -o obj/is_null.o src/test/is/is_null.c
echo "[~] Linking src/test/is/is_pipe.c"
gcc -I includes -Wall -Werror -Wextra -g3 -fsanitize=address -I/Users/chaminjae/.brew/opt/readline/include -c -o obj/is_pipe.o src/test/is/is_pipe.c
echo "[~] Linking src/test/is/is_quot.c"
gcc -I includes -Wall -Werror -Wextra -g3 -fsanitize=address -I/Users/chaminjae/.brew/opt/readline/include -c -o obj/is_quot.o src/test/is/is_quot.c
echo "[~] Linking src/test/is/is_redr.c"
gcc -I includes -Wall -Werror -Wextra -g3 -fsanitize=address -I/Users/chaminjae/.brew/opt/readline/include -c -o obj/is_redr.o src/test/is/is_redr.c
echo "[~] Linking src/test/is/is_space.c"
gcc -I includes -Wall -Werror -Wextra -g3 -fsanitize=address -I/Users/chaminjae/.brew/opt/readline/include -c -o obj/is_space.o src/test/is/is_space.c
echo "[~] Linking src/test/proc/proc_dolr.c"
gcc -I includes -Wall -Werror -Wextra -g3 -fsanitize=address -I/Users/chaminjae/.brew/opt/readline/include -c -o obj/proc_dolr.o src/test/proc/proc_dolr.c
echo "[~] Linking src/test/proc/proc_find_letter.c"
gcc -I includes -Wall -Werror -Wextra -g3 -fsanitize=address -I/Users/chaminjae/.brew/opt/readline/include -c -o obj/proc_find_letter.o src/test/proc/proc_find_letter.c
echo "[~] Linking src/test/proc/proc_null.c"
gcc -I includes -Wall -Werror -Wextra -g3 -fsanitize=address -I/Users/chaminjae/.brew/opt/readline/include -c -o obj/proc_null.o src/test/proc/proc_null.c
echo "[~] Linking src/test/proc/proc_pipe.c"
gcc -I includes -Wall -Werror -Wextra -g3 -fsanitize=address -I/Users/chaminjae/.brew/opt/readline/include -c -o obj/proc_pipe.o src/test/proc/proc_pipe.c
echo "[~] Linking src/test/proc/proc_quot.c"
gcc -I includes -Wall -Werror -Wextra -g3 -fsanitize=address -I/Users/chaminjae/.brew/opt/readline/include -c -o obj/proc_quot.o src/test/proc/proc_quot.c
echo "[~] Linking src/test/proc/proc_redr.c"
gcc -I includes -Wall -Werror -Wextra -g3 -fsanitize=address -I/Users/chaminjae/.brew/opt/readline/include -c -o obj/proc_redr.o src/test/proc/proc_redr.c
echo "[~] Linking src/test/proc/proc_space.c"
gcc -I includes -Wall -Werror -Wextra -g3 -fsanitize=address -I/Users/chaminjae/.brew/opt/readline/include -c -o obj/proc_space.o src/test/proc/proc_space.c
echo "[~] Linking src/test/struct/init_environ.c"
gcc -I includes -Wall -Werror -Wextra -g3 -fsanitize=address -I/Users/chaminjae/.brew/opt/readline/include -c -o obj/init_environ.o src/test/struct/init_environ.c
echo "[~] Linking src/test/struct/init_special.c"
gcc -I includes -Wall -Werror -Wextra -g3 -fsanitize=address -I/Users/chaminjae/.brew/opt/readline/include -c -o obj/init_special.o src/test/struct/init_special.c
echo "[~] Linking src/test/struct/init_struct.c"
gcc -I includes -Wall -Werror -Wextra -g3 -fsanitize=address -I/Users/chaminjae/.brew/opt/readline/include -c -o obj/init_struct.o src/test/struct/init_struct.c
echo "[~] Linking src/test/struct/malloc_struct.c"
gcc -I includes -Wall -Werror -Wextra -g3 -fsanitize=address -I/Users/chaminjae/.brew/opt/readline/include -c -o obj/malloc_struct.o src/test/struct/malloc_struct.c
echo "[~] Linking libft/ft_atoi.c"
gcc -I includes -Wall -Werror -Wextra -g3 -fsanitize=address -I/Users/chaminjae/.brew/opt/readline/include -c -o obj/ft_atoi.o libft/ft_atoi.c
echo "[~] Linking libft/ft_bzero.c"
gcc -I includes -Wall -Werror -Wextra -g3 -fsanitize=address -I/Users/chaminjae/.brew/opt/readline/include -c -o obj/ft_bzero.o libft/ft_bzero.c
echo "[~] Linking libft/ft_calloc.c"
gcc -I includes -Wall -Werror -Wextra -g3 -fsanitize=address -I/Users/chaminjae/.brew/opt/readline/include -c -o obj/ft_calloc.o libft/ft_calloc.c
echo "[~] Linking libft/ft_isalnum.c"
gcc -I includes -Wall -Werror -Wextra -g3 -fsanitize=address -I/Users/chaminjae/.brew/opt/readline/include -c -o obj/ft_isalnum.o libft/ft_isalnum.c
echo "[~] Linking libft/ft_isalpha.c"
gcc -I includes -Wall -Werror -Wextra -g3 -fsanitize=address -I/Users/chaminjae/.brew/opt/readline/include -c -o obj/ft_isalpha.o libft/ft_isalpha.c
echo "[~] Linking libft/ft_isascii.c"
gcc -I includes -Wall -Werror -Wextra -g3 -fsanitize=address -I/Users/chaminjae/.brew/opt/readline/include -c -o obj/ft_isascii.o libft/ft_isascii.c
echo "[~] Linking libft/ft_isdigit.c"
gcc -I includes -Wall -Werror -Wextra -g3 -fsanitize=address -I/Users/chaminjae/.brew/opt/readline/include -c -o obj/ft_isdigit.o libft/ft_isdigit.c
echo "[~] Linking libft/ft_isprint.c"
gcc -I includes -Wall -Werror -Wextra -g3 -fsanitize=address -I/Users/chaminjae/.brew/opt/readline/include -c -o obj/ft_isprint.o libft/ft_isprint.c
echo "[~] Linking libft/ft_itoa.c"
gcc -I includes -Wall -Werror -Wextra -g3 -fsanitize=address -I/Users/chaminjae/.brew/opt/readline/include -c -o obj/ft_itoa.o libft/ft_itoa.c
echo "[~] Linking libft/ft_lstadd_back.c"
gcc -I includes -Wall -Werror -Wextra -g3 -fsanitize=address -I/Users/chaminjae/.brew/opt/readline/include -c -o obj/ft_lstadd_back.o libft/ft_lstadd_back.c
echo "[~] Linking libft/ft_lstadd_front.c"
gcc -I includes -Wall -Werror -Wextra -g3 -fsanitize=address -I/Users/chaminjae/.brew/opt/readline/include -c -o obj/ft_lstadd_front.o libft/ft_lstadd_front.c
echo "[~] Linking libft/ft_lstclear.c"
gcc -I includes -Wall -Werror -Wextra -g3 -fsanitize=address -I/Users/chaminjae/.brew/opt/readline/include -c -o obj/ft_lstclear.o libft/ft_lstclear.c
echo "[~] Linking libft/ft_lstdelone.c"
gcc -I includes -Wall -Werror -Wextra -g3 -fsanitize=address -I/Users/chaminjae/.brew/opt/readline/include -c -o obj/ft_lstdelone.o libft/ft_lstdelone.c
echo "[~] Linking libft/ft_lstiter.c"
gcc -I includes -Wall -Werror -Wextra -g3 -fsanitize=address -I/Users/chaminjae/.brew/opt/readline/include -c -o obj/ft_lstiter.o libft/ft_lstiter.c
echo "[~] Linking libft/ft_lstlast.c"
gcc -I includes -Wall -Werror -Wextra -g3 -fsanitize=address -I/Users/chaminjae/.brew/opt/readline/include -c -o obj/ft_lstlast.o libft/ft_lstlast.c
echo "[~] Linking libft/ft_lstmap.c"
gcc -I includes -Wall -Werror -Wextra -g3 -fsanitize=address -I/Users/chaminjae/.brew/opt/readline/include -c -o obj/ft_lstmap.o libft/ft_lstmap.c
echo "[~] Linking libft/ft_lstnew.c"
gcc -I includes -Wall -Werror -Wextra -g3 -fsanitize=address -I/Users/chaminjae/.brew/opt/readline/include -c -o obj/ft_lstnew.o libft/ft_lstnew.c
echo "[~] Linking libft/ft_lstsize.c"
gcc -I includes -Wall -Werror -Wextra -g3 -fsanitize=address -I/Users/chaminjae/.brew/opt/readline/include -c -o obj/ft_lstsize.o libft/ft_lstsize.c
echo "[~] Linking libft/ft_memchr.c"
gcc -I includes -Wall -Werror -Wextra -g3 -fsanitize=address -I/Users/chaminjae/.brew/opt/readline/include -c -o obj/ft_memchr.o libft/ft_memchr.c
echo "[~] Linking libft/ft_memcmp.c"
gcc -I includes -Wall -Werror -Wextra -g3 -fsanitize=address -I/Users/chaminjae/.brew/opt/readline/include -c -o obj/ft_memcmp.o libft/ft_memcmp.c
echo "[~] Linking libft/ft_memcpy.c"
gcc -I includes -Wall -Werror -Wextra -g3 -fsanitize=address -I/Users/chaminjae/.brew/opt/readline/include -c -o obj/ft_memcpy.o libft/ft_memcpy.c
echo "[~] Linking libft/ft_memmove.c"
gcc -I includes -Wall -Werror -Wextra -g3 -fsanitize=address -I/Users/chaminjae/.brew/opt/readline/include -c -o obj/ft_memmove.o libft/ft_memmove.c
 
echo "[~] Linking libft/ft_memset.c"
gcc -I includes -Wall -Werror -Wextra -g3 -fsanitize=address -I/Users/chaminjae/.brew/opt/readline/include -c -o obj/ft_memset.o libft/ft_memset.c
echo "[~] Linking libft/ft_putchar_fd.c"
gcc -I includes -Wall -Werror -Wextra -g3 -fsanitize=address -I/Users/chaminjae/.brew/opt/readline/include -c -o obj/ft_putchar_fd.o libft/ft_putchar_fd.c
echo "[~] Linking libft/ft_putendl_fd.c"
gcc -I includes -Wall -Werror -Wextra -g3 -fsanitize=address -I/Users/chaminjae/.brew/opt/readline/include -c -o obj/ft_putendl_fd.o libft/ft_putendl_fd.c
echo "[~] Linking libft/ft_putnbr_fd.c"
gcc -I includes -Wall -Werror -Wextra -g3 -fsanitize=address -I/Users/chaminjae/.brew/opt/readline/include -c -o obj/ft_putnbr_fd.o libft/ft_putnbr_fd.c
echo "[~] Linking libft/ft_putstr_fd.c"
gcc -I includes -Wall -Werror -Wextra -g3 -fsanitize=address -I/Users/chaminjae/.brew/opt/readline/include -c -o obj/ft_putstr_fd.o libft/ft_putstr_fd.c
echo "[~] Linking libft/ft_split.c"
gcc -I includes -Wall -Werror -Wextra -g3 -fsanitize=address -I/Users/chaminjae/.brew/opt/readline/include -c -o obj/ft_split.o libft/ft_split.c
echo "[~] Linking libft/ft_strchr.c"
gcc -I includes -Wall -Werror -Wextra -g3 -fsanitize=address -I/Users/chaminjae/.brew/opt/readline/include -c -o obj/ft_strchr.o libft/ft_strchr.c
echo "[~] Linking libft/ft_strdup.c"
gcc -I includes -Wall -Werror -Wextra -g3 -fsanitize=address -I/Users/chaminjae/.brew/opt/readline/include -c -o obj/ft_strdup.o libft/ft_strdup.c
echo "[~] Linking libft/ft_striteri.c"
gcc -I includes -Wall -Werror -Wextra -g3 -fsanitize=address -I/Users/chaminjae/.brew/opt/readline/include -c -o obj/ft_striteri.o libft/ft_striteri.c
echo "[~] Linking libft/ft_strjoin.c"
gcc -I includes -Wall -Werror -Wextra -g3 -fsanitize=address -I/Users/chaminjae/.brew/opt/readline/include -c -o obj/ft_strjoin.o libft/ft_strjoin.c
echo "[~] Linking libft/ft_strjoin_leak.c"
gcc -I includes -Wall -Werror -Wextra -g3 -fsanitize=address -I/Users/chaminjae/.brew/opt/readline/include -c -o obj/ft_strjoin_leak.o libft/ft_strjoin_leak.c
echo "[~] Linking libft/ft_strlcat.c"
gcc -I includes -Wall -Werror -Wextra -g3 -fsanitize=address -I/Users/chaminjae/.brew/opt/readline/include -c -o obj/ft_strlcat.o libft/ft_strlcat.c
echo "[~] Linking libft/ft_strlcpy.c"
gcc -I includes -Wall -Werror -Wextra -g3 -fsanitize=address -I/Users/chaminjae/.brew/opt/readline/include -c -o obj/ft_strlcpy.o libft/ft_strlcpy.c
echo "[~] Linking libft/ft_strlen.c"
gcc -I includes -Wall -Werror -Wextra -g3 -fsanitize=address -I/Users/chaminjae/.brew/opt/readline/include -c -o obj/ft_strlen.o libft/ft_strlen.c
echo "[~] Linking libft/ft_strmapi.c"
gcc -I includes -Wall -Werror -Wextra -g3 -fsanitize=address -I/Users/chaminjae/.brew/opt/readline/include -c -o obj/ft_strmapi.o libft/ft_strmapi.c
echo "[~] Linking libft/ft_strncmp.c"
gcc -I includes -Wall -Werror -Wextra -g3 -fsanitize=address -I/Users/chaminjae/.brew/opt/readline/include -c -o obj/ft_strncmp.o libft/ft_strncmp.c
echo "[~] Linking libft/ft_strnstr.c"
gcc -I includes -Wall -Werror -Wextra -g3 -fsanitize=address -I/Users/chaminjae/.brew/opt/readline/include -c -o obj/ft_strnstr.o libft/ft_strnstr.c
echo "[~] Linking libft/ft_strrchr.c"
gcc -I includes -Wall -Werror -Wextra -g3 -fsanitize=address -I/Users/chaminjae/.brew/opt/readline/include -c -o obj/ft_strrchr.o libft/ft_strrchr.c
echo "[~] Linking libft/ft_strtrim.c"
gcc -I includes -Wall -Werror -Wextra -g3 -fsanitize=address -I/Users/chaminjae/.brew/opt/readline/include -c -o obj/ft_strtrim.o libft/ft_strtrim.c
echo "[~] Linking libft/ft_substr.c"
gcc -I includes -Wall -Werror -Wextra -g3 -fsanitize=address -I/Users/chaminjae/.brew/opt/readline/include -c -o obj/ft_substr.o libft/ft_substr.c
echo "[~] Linking libft/ft_tolower.c"
gcc -I includes -Wall -Werror -Wextra -g3 -fsanitize=address -I/Users/chaminjae/.brew/opt/readline/include -c -o obj/ft_tolower.o libft/ft_tolower.c
echo "[~] Linking libft/ft_toupper.c"
gcc -I includes -Wall -Werror -Wextra -g3 -fsanitize=address -I/Users/chaminjae/.brew/opt/readline/include -c -o obj/ft_toupper.o libft/ft_toupper.c
echo "[~] Linking src/test/node/environ_node.c"
gcc -I includes -Wall -Werror -Wextra -g3 -fsanitize=address -I/Users/chaminjae/.brew/opt/readline/include -c -o obj/environ_node.o src/test/node/environ_node.c
echo "[~] Linking src/test/node/manufact.c"
gcc -I includes -Wall -Werror -Wextra -g3 -fsanitize=address -I/Users/chaminjae/.brew/opt/readline/include -c -o obj/manufact.o src/test/node/manufact.c
echo "[~] Linking src/test/node/manufact_type.c"
gcc -I includes -Wall -Werror -Wextra -g3 -fsanitize=address -I/Users/chaminjae/.brew/opt/readline/include -c -o obj/manufact_type.o src/test/node/manufact_type.c
echo "[~] Linking src/test/node/parsed_node.c"
gcc -I includes -Wall -Werror -Wextra -g3 -fsanitize=address -I/Users/chaminjae/.brew/opt/readline/include -c -o obj/parsed_node.o src/test/node/parsed_node.c
echo "[~] Linking src/test/node/pipe_node.c"
gcc -I includes -Wall -Werror -Wextra -g3 -fsanitize=address -I/Users/chaminjae/.brew/opt/readline/include -c -o obj/pipe_node.o src/test/node/pipe_node.c
echo "[~] Linking src/test/node/rd_node.c"
gcc -I includes -Wall -Werror -Wextra -g3 -fsanitize=address -I/Users/chaminjae/.brew/opt/readline/include -c -o obj/rd_node.o src/test/node/rd_node.c
echo "[~] Linking src/test/free/free_set_a.c"
gcc -I includes -Wall -Werror -Wextra -g3 -fsanitize=address -I/Users/chaminjae/.brew/opt/readline/include -c -o obj/free_set_a.o src/test/free/free_set_a.c
echo "[~] Linking src/test/link/link_to_head.c"
gcc -I includes -Wall -Werror -Wextra -g3 -fsanitize=address -I/Users/chaminjae/.brew/opt/readline/include -c -o obj/link_to_head.o src/test/link/link_to_head.c
echo "[~] Linking src/test/link/util_unit_pipe.c"
gcc -I includes -Wall -Werror -Wextra -g3 -fsanitize=address -I/Users/chaminjae/.brew/opt/readline/include -c -o obj/util_unit_pipe.o src/test/link/util_unit_pipe.c
echo "[~] Linking src/test/error/check_is_backslash_appear.c"
gcc -I includes -Wall -Werror -Wextra -g3 -fsanitize=address -I/Users/chaminjae/.brew/opt/readline/include -c -o obj/check_is_backslash_appear.o src/test/error/check_is_backslash_appear.c
echo "[~] Linking src/test/error/check_is_semicolon_appear.c"
gcc -I includes -Wall -Werror -Wextra -g3 -fsanitize=address -I/Users/chaminjae/.brew/opt/readline/include -c -o obj/check_is_semicolon_appear.o src/test/error/check_is_semicolon_appear.c
echo "[~] Linking src/test/error/check_quote_not_closed.c"
gcc -I includes -Wall -Werror -Wextra -g3 -fsanitize=address -I/Users/chaminjae/.brew/opt/readline/include -c -o obj/check_quote_not_closed.o src/test/error/check_quote_not_closed.c
echo "[~] Linking src/test/error/control_quote.c"
gcc -I includes -Wall -Werror -Wextra -g3 -fsanitize=address -I/Users/chaminjae/.brew/opt/readline/include -c -o obj/control_quote.o src/test/error/control_quote.c
echo "[~] Linking src/test/error/is_error.c"
gcc -I includes -Wall -Werror -Wextra -g3 -fsanitize=address -I/Users/chaminjae/.brew/opt/readline/include -c -o obj/is_error.o src/test/error/is_error.c
echo "[~] Linking src/test/error/judge_is_quote_error.c"
gcc -I includes -Wall -Werror -Wextra -g3 -fsanitize=address -I/Users/chaminjae/.brew/opt/readline/include -c -o obj/judge_is_quote_error.o src/test/error/judge_is_quote_error.c
echo "[~] Linking src/test/error/print_error.c"
gcc -I includes -Wall -Werror -Wextra -g3 -fsanitize=address -I/Users/chaminjae/.brew/opt/readline/include -c -o obj/print_error.o src/test/error/print_error.c
echo "[~] Linking src/builtin/cd.c"
gcc -I includes -Wall -Werror -Wextra -g3 -fsanitize=address -I/Users/chaminjae/.brew/opt/readline/include -c -o obj/cd.o src/builtin/cd.c
echo "[~] Linking src/builtin/echo.c"
gcc -I includes -Wall -Werror -Wextra -g3 -fsanitize=address -I/Users/chaminjae/.brew/opt/readline/include -c -o obj/echo.o src/builtin/echo.c
echo "[~] Linking src/builtin/env.c"
gcc -I includes -Wall -Werror -Wextra -g3 -fsanitize=address -I/Users/chaminjae/.brew/opt/readline/include -c -o obj/env.o src/builtin/env.c
echo "[~] Linking src/builtin/exit.c"
 
gcc -I includes -Wall -Werror -Wextra -g3 -fsanitize=address -I/Users/chaminjae/.brew/opt/readline/include -c -o obj/exit.o src/builtin/exit.c
echo "[~] Linking src/builtin/export.c"
gcc -I includes -Wall -Werror -Wextra -g3 -fsanitize=address -I/Users/chaminjae/.brew/opt/readline/include -c -o obj/export.o src/builtin/export.c
echo "[~] Linking src/builtin/export_add.c"
gcc -I includes -Wall -Werror -Wextra -g3 -fsanitize=address -I/Users/chaminjae/.brew/opt/readline/include -c -o obj/export_add.o src/builtin/export_add.c
echo "[~] Linking src/builtin/export_print.c"
gcc -I includes -Wall -Werror -Wextra -g3 -fsanitize=address -I/Users/chaminjae/.brew/opt/readline/include -c -o obj/export_print.o src/builtin/export_print.c
echo "[~] Linking src/builtin/pwd.c"
gcc -I includes -Wall -Werror -Wextra -g3 -fsanitize=address -I/Users/chaminjae/.brew/opt/readline/include -c -o obj/pwd.o src/builtin/pwd.c
echo "[~] Linking src/builtin/unset.c"
gcc -I includes -Wall -Werror -Wextra -g3 -fsanitize=address -I/Users/chaminjae/.brew/opt/readline/include -c -o obj/unset.o src/builtin/unset.c
echo "[~] Linking src/execute.c"
gcc -I includes -Wall -Werror -Wextra -g3 -fsanitize=address -I/Users/chaminjae/.brew/opt/readline/include -c -o obj/execute.o src/execute.c
echo "[~] Linking src/execute_builtin.c"
gcc -I includes -Wall -Werror -Wextra -g3 -fsanitize=address -I/Users/chaminjae/.brew/opt/readline/include -c -o obj/execute_builtin.o src/execute_builtin.c
echo "[~] Linking src/execute_child.c"
gcc -I includes -Wall -Werror -Wextra -g3 -fsanitize=address -I/Users/chaminjae/.brew/opt/readline/include -c -o obj/execute_child.o src/execute_child.c
echo "[~] Linking src/free_memory.c"
gcc -I includes -Wall -Werror -Wextra -g3 -fsanitize=address -I/Users/chaminjae/.brew/opt/readline/include -c -o obj/free_memory.o src/free_memory.c
echo "[~] Linking src/handle_error.c"
gcc -I includes -Wall -Werror -Wextra -g3 -fsanitize=address -I/Users/chaminjae/.brew/opt/readline/include -c -o obj/handle_error.o src/handle_error.c
echo "[~] Linking src/main.c"
gcc -I includes -Wall -Werror -Wextra -g3 -fsanitize=address -I/Users/chaminjae/.brew/opt/readline/include -c -o obj/main.o src/main.c
echo "[~] Linking src/redirect.c"
gcc -I includes -Wall -Werror -Wextra -g3 -fsanitize=address -I/Users/chaminjae/.brew/opt/readline/include -c -o obj/redirect.o src/redirect.c
echo "[~] Linking src/redirect_double.c"
gcc -I includes -Wall -Werror -Wextra -g3 -fsanitize=address -I/Users/chaminjae/.brew/opt/readline/include -c -o obj/redirect_double.o src/redirect_double.c
echo "[~] Linking gnl/get_next_line.c"
gcc -I includes -Wall -Werror -Wextra -g3 -fsanitize=address -I/Users/chaminjae/.brew/opt/readline/include -c -o obj/get_next_line.o gnl/get_next_line.c
echo "[~] Linking gnl/get_next_line_utils.c"
gcc -I includes -Wall -Werror -Wextra -g3 -fsanitize=address -I/Users/chaminjae/.brew/opt/readline/include -c -o obj/get_next_line_utils.o gnl/get_next_line_utils.c
echo "[+] Create minishell"
gcc -I includes -Wall -Werror -Wextra -g3 -fsanitize=address -I/Users/chaminjae/.brew/opt/readline/include -l readline -L/Users/chaminjae/.brew/opt/readline/lib -o minishell obj/distinguish.o obj/test.o obj/error_is_quot.o obj/is_dolr.o obj/is_null.o obj/is_pipe.o obj/is_quot.o obj/is_redr.o obj/is_space.o obj/proc_dolr.o obj/proc_find_letter.o obj/proc_null.o obj/proc_pipe.o obj/proc_quot.o obj/proc_redr.o obj/proc_space.o obj/init_environ.o obj/init_special.o obj/init_struct.o obj/malloc_struct.o obj/ft_atoi.o obj/ft_bzero.o obj/ft_calloc.o obj/ft_isalnum.o obj/ft_isalpha.o obj/ft_isascii.o obj/ft_isdigit.o obj/ft_isprint.o obj/ft_itoa.o obj/ft_lstadd_back.o obj/ft_lstadd_front.o obj/ft_lstclear.o obj/ft_lstdelone.o obj/ft_lstiter.o obj/ft_lstlast.o obj/ft_lstmap.o obj/ft_lstnew.o obj/ft_lstsize.o obj/ft_memchr.o obj/ft_memcmp.o obj/ft_memcpy.o obj/ft_memmove.o obj/ft_memset.o obj/ft_putchar_fd.o obj/ft_putendl_fd.o obj/ft_putnbr_fd.o obj/ft_putstr_fd.o obj/ft_split.o obj/ft_strchr.o obj/ft_strdup.o obj/ft_striteri.o obj/ft_strjoin.o obj/ft_strjoin_leak.o obj/ft_strlcat.o obj/ft_strlcpy.o obj/ft_strlen.o obj/ft_strmapi.o obj/ft_strncmp.o obj/ft_strnstr.o obj/ft_strrchr.o obj/ft_strtrim.o obj/ft_substr.o obj/ft_tolower.o obj/ft_toupper.o obj/environ_node.o obj/manufact.o obj/manufact_type.o obj/parsed_node.o obj/pipe_node.o obj/rd_node.o obj/free_set_a.o obj/link_to_head.o obj/util_unit_pipe.o obj/check_is_backslash_appear.o obj/check_is_semicolon_appear.o obj/check_quote_not_closed.o obj/control_quote.o obj/is_error.o obj/judge_is_quote_error.o obj/print_error.o obj/cd.o obj/echo.o obj/env.o obj/exit.o obj/export.o obj/export_add.o obj/export_print.o obj/pwd.o obj/unset.o obj/execute.o obj/execute_builtin.o obj/execute_child.o obj/free_memory.o obj/handle_error.o obj/main.o obj/redirect.o obj/redirect_double.o obj/get_next_line.o obj/get_next_line_utils.o
make: Leaving directory `/Users/chaminjae/Desktop/42/cursus/minishell'
 
