make all --print-data-base --no-builtin-variables --no-builtin-rules --question
# GNU Make 3.81
# Copyright (C) 2006  Free Software Foundation, Inc.
# This is free software; see the source for copying conditions.
# There is NO warranty; not even for MERCHANTABILITY or FITNESS FOR A
# PARTICULAR PURPOSE.

# This program built for i386-apple-darwin11.3.0
 

# Make data base, printed on Thu May 26 13:53:17 2022

# Variables

# automatic
<D = $(patsubst %/,%,$(dir $<))
# automatic
?F = $(notdir $?)
# environment
ELECTRON_NO_ATTACH_CONSOLE = 1
# environment
VSCODE_LOG_NATIVE = false
# automatic
?D = $(patsubst %/,%,$(dir $?))
# automatic
@D = $(patsubst %/,%,$(dir $@))
# automatic
@F = $(notdir $@)
# makefile
CURDIR := /Users/chaminjae/Desktop/42/cursus/minishell
# makefile (from `Makefile', line 16)
RLLINK = -l readline -L$(HOME)/.brew/opt/readline/lib
# makefile
SHELL = /bin/sh
# makefile (from `Makefile', line 14)
RM = rm -rf
# environment
VSCODE_NLS_CONFIG = {"locale":"ko","availableLanguages":{},"_languagePackSupport":true}
# makefile (from `Makefile', line 21)
HEAD_ROOT = includes
# environment
_ = /usr/bin/make
# makefile (from `Makefile', line 15)
CFLAGS = -I $(HEAD_ROOT) -Wall -Werror -Wextra -g
# makefile (from `Makefile', line 43)
FILE_STRUCT = $(notdir $(wildcard $(SRCS_STRUCT)/*.c))
# makefile (from `Makefile', line 1)
MAKEFILE_LIST :=  Makefile
# environment
VSCODE_VERBOSE_LOGGING = true
# makefile (from `Makefile', line 36)
SRCS_ROOT = src $(SRCS_UTIL) $(SRCS_TEST) $(SRCS_IS) $(SRCS_PROC) $(SRCS_STRUCT) $(SRCS_LIBF) $(SRCS_NODE) $(SRCS_FREE)
# environment
__CFBundleIdentifier = com.microsoft.VSCode
# environment
P9K_SSH = 0
# environment
VSCODE_IPC_HOOK_EXTHOST = /var/folders/1p/6kppthcs2r7dhwh8ngnvkz6r0000gn/T/vscode-ipc-b9bfa992-9ce9-4750-85e4-b6b73e48b088.sock
# environment
VSCODE_CWD = /Users/chaminjae/Desktop/42/cursus/minishell
# environment
PATH = /Users/chaminjae/Library/Python/3.8/bin:/usr/local/bin:/usr/bin:/bin:/usr/sbin:/sbin:/usr/local/opt/python@3.9/Frameworks/Python.framework/Versions/3.9/bin
# makefile (from `Makefile', line 46)
FILE_LIBF = $(notdir $(wildcard $(SRCS_LIBF)/*.c))
# makefile (from `Makefile', line 55)
STRUCT_OBJ = $(FILE_STRUCT:.c=.o)
# makefile (from `Makefile', line 54)
PROC_OBJ = $(FILE_PROC:.c=.o)
# environment
LaunchInstanceID = 096CBAFC-D900-482B-BA59-F084DF645608
# environment
VSCODE_LOG_STACK = false
# environment
ELECTRON_RUN_AS_NODE = 1
# default
.FEATURES := target-specific order-only second-expansion else-if archives jobserver check-symlink
# makefile (from `Makefile', line 45)
FILE_FREE = $(notdir $(wildcard $(SRCS_FREE)/*.c))
# makefile (from `Makefile', line 57)
FREE_OBJ = $(FILE_FREE:.c=.o)
# environment
SSH_AUTH_SOCK = /private/tmp/com.apple.launchd.7TKEVlai2k/Listeners
# automatic
%F = $(notdir $%)
# makefile (from `Makefile', line 39)
FILE_TEST = $(notdir $(wildcard $(SRCS_TEST)/*.c))
# environment
VSCODE_PIPE_LOGGING = true
# makefile (from `Makefile', line 61)
OBJS := obj/main.o obj/distinguish.o obj/test.o obj/is_dolr.o obj/is_null.o obj/is_pipe.o obj/is_quot.o obj/is_redr.o obj/is_space.o obj/proc_dolr.o obj/proc_find_letter.o obj/proc_null.o obj/proc_pipe.o obj/proc_quot.o obj/proc_redr.o obj/proc_space.o obj/init_environ.o obj/init_special.o obj/init_struct.o obj/malloc_struct.o obj/ft_atoi.o obj/ft_bzero.o obj/ft_calloc.o obj/ft_isalnum.o obj/ft_isalpha.o obj/ft_isascii.o obj/ft_isdigit.o obj/ft_isprint.o obj/ft_itoa.o obj/ft_lstadd_back.o obj/ft_lstadd_front.o obj/ft_lstclear.o obj/ft_lstdelone.o obj/ft_lstiter.o obj/ft_lstlast.o obj/ft_lstmap.o obj/ft_lstnew.o obj/ft_lstsize.o obj/ft_memchr.o obj/ft_memcmp.o obj/ft_memcpy.o obj/ft_memmove.o obj/ft_memset.o obj/ft_putchar_fd.o obj/ft_putendl_fd.o obj/ft_putnbr_fd.o obj/ft_putstr_fd.o obj/ft_split.o obj/ft_strchr.o obj/ft_strdup.o obj/ft_striteri.o obj/ft_strjoin.o obj/ft_strjoin_leak.o obj/ft_strlcat.o obj/ft_strlcpy.o obj/ft_strlen.o obj/ft_strmapi.o obj/ft_strncmp.o obj/ft_strnstr.o obj/ft_strrchr.o obj/ft_strtrim.o obj/ft_substr.o obj/ft_tolower.o obj/ft_toupper.o obj/environ_node.o obj/manufact.o obj/manufact_type.o obj/parsed_node.o obj/free_set_a.o
# environment
PWD = /Users/chaminjae/Desktop/42/cursus/minishell
# environment
ORIGINAL_XDG_CURRENT_DESKTOP = undefined
# makefile (from `Makefile', line 42)
FILE_PROC = $(notdir $(wildcard $(SRCS_PROC)/*.c))
# environment
VSCODE_AMD_ENTRYPOINT = vs/workbench/api/node/extensionHostProcess
# environment
HOME = /Users/chaminjae
# makefile (from `Makefile', line 32)
SRCS_FREE = $(SRCS_TEST)/free
# default
MAKEFILEPATH = $(shell /usr/bin/xcode-select -print-path 2>/dev/null || echo /Developer)/Makefiles
# environment
VSCODE_CLI = 1
# environment
VSCODE_CODE_CACHE_PATH = /Users/chaminjae/Library/Application Support/Code/CachedData/c3511e6c69bb39013c4a4b7b9566ec1ca73fc4d5
# environment
LOGNAME = chaminjae
# environment
APPLICATION_INSIGHTS_NO_DIAGNOSTIC_CHANNEL = true
# makefile (from `Makefile', line 27)
SRCS_TEST = src/test
# makefile (from `Makefile', line 41)
FILE_IS = $(notdir $(wildcard $(SRCS_IS)/*.c))
# environment
VSCODE_HANDLES_UNCAUGHT_ERRORS = true
# automatic
^D = $(patsubst %/,%,$(dir $^))
# environment
XPC_FLAGS = 0x0
 
# environment
COLORTERM = truecolor
# default
MAKE = $(MAKE_COMMAND)
# environment
LC_TERMINAL = iTerm2
# environment
SHLVL = 4
# makefile (from `Makefile', line 29)
SRCS_PROC = $(SRCS_TEST)/proc
# makefile (from `Makefile', line 44)
FILE_NODE = $(notdir $(wildcard $(SRCS_NODE)/*.c))
# makefile (from `Makefile', line 13)
CC = gcc
# default
MAKE_VERSION := 3.81
# environment
USER = mcha
# makefile
.DEFAULT_GOAL := all
# default
MAKECMDGOALS := all
# environment
TERM_SESSION_ID = w0t0p0:F494259A-756D-4D09-B600-CD128A2A9DC2
# makefile (from `Makefile', line 19)
NAME = minishell
# makefile (from `Makefile', line 28)
SRCS_IS = $(SRCS_TEST)/is
# automatic
%D = $(patsubst %/,%,$(dir $%))
# default
MAKE_COMMAND := /Library/Developer/CommandLineTools/usr/bin/make
# makefile (from `Makefile', line 17)
RLINC = -I$(HOME)/.brew/opt/readline/include
# environment
TERM_PROGRAM = iTerm.app
# default
.VARIABLES := 
# environment
TMPDIR = /var/folders/1p/6kppthcs2r7dhwh8ngnvkz6r0000gn/T/
# automatic
*F = $(notdir $*)
# environment
VSCODE_IPC_HOOK = /Users/chaminjae/Library/Application Support/Code/1.67.2-main.sock
# makefile
MAKEFLAGS = Rrqp
# environment
MFLAGS = -Rrqp
# automatic
*D = $(patsubst %/,%,$(dir $*))
# environment
TERM_PROGRAM_VERSION = 3.4.15
# environment
MAIL = mcha@student.42seoul.kr
# environment
XPC_SERVICE_NAME = application.com.microsoft.VSCode.11448947.11448953.2EE2D054-CC76-4D64-9B84-A1587E1D9C93
# environment
LC_TERMINAL_VERSION = 3.4.15
# automatic
+D = $(patsubst %/,%,$(dir $+))
# makefile (from `Makefile', line 56)
NODE_OBJ = $(FILE_NODE:.c=.o)
# makefile (from `Makefile', line 40)
FILE_UTIL = $(notdir $(wildcard $(SRCS_UTIL)/*.c))
# automatic
+F = $(notdir $+)
# environment
ITERM_SESSION_ID = w0t0p0:F494259A-756D-4D09-B600-CD128A2A9DC2
# makefile (from `Makefile', line 51)
COMM_OBJ = main.o
# environment
COLORFGBG = 15;0
# makefile (from `Makefile', line 58)
LIBF_OBJ = $(FILE_LIBF:.c=.o)
# environment
__CF_USER_TEXT_ENCODING = 0x1F5:0x3:0x33
# environment
COMMAND_MODE = unix2003
# makefile (from `Makefile', line 30)
SRCS_STRUCT = $(SRCS_TEST)/struct
# default
MAKEFILES := 
# automatic
<F = $(notdir $<)
# environment
ITERM_PROFILE = Default
# makefile (from `Makefile', line 52)
TEST_OBJ = $(FILE_TEST:.c=.o)
 
# environment
LC_ALL = C
# makefile (from `Makefile', line 26)
SRCS_UTIL = src/util
# environment
SECURITYSESSIONID = 186a3
# environment
P9K_TTY = old
# automatic
^F = $(notdir $^)
# default
SUFFIXES := 
# makefile (from `Makefile', line 22)
OBJS_ROOT = obj
# makefile (from `Makefile', line 31)
SRCS_NODE = $(SRCS_TEST)/node
# default
.INCLUDE_DIRS = /usr/local/include
# environment
MAKELEVEL := 0
# makefile (from `Makefile', line 53)
IS_OBJ = $(FILE_IS:.c=.o)
# makefile (from `Makefile', line 33)
SRCS_LIBF = libft
# environment
LANG = C
# environment
TERM = xterm-256color
# environment
_P9K_TTY = /dev/ttys000
# environment
VSCODE_PID = 1385
# variable set hash-table stats:
# Load=114/1024=11%, Rehash=0, Collisions=26/188=14%

# Pattern-specific Variable Values

# No pattern-specific variable values.

# Directories

# src/test/struct (device 16777223, inode 11560911): 6 files, no impossibilities.
# . (device 16777223, inode 11560741): 12 files, no impossibilities.
# src/test (device 16777223, inode 11560887): 9 files, no impossibilities.
# src (device 16777223, inode 11560872): 11 files, no impossibilities.
# src/test/free (device 16777223, inode 11560889): 3 files, no impossibilities.
# libft (device 16777223, inode 11560823): 48 files, no impossibilities.
# src/test/is (device 16777223, inode 11560891): 8 files, no impossibilities.
# src/test/proc (device 16777223, inode 11560903): 9 files, no impossibilities.
# src/util: could not be stat'd.
# src/test/node (device 16777223, inode 11560898): 6 files, no impossibilities.

# 112 files, no impossibilities in 10 directories.

# Implicit Rules

obj/%.o: %.c
#  commands to execute (from `Makefile', line 66):
	@echo "[~] Linking $<"
	@$(CC) $(CFLAGS) $(RLINC) -c -o $@ $<
	

# 1 implicit rules, 0 (0.0%) terminal.

# Files

 
obj/ft_strlcpy.o: libft/ft_strlcpy.c
#  Implicit rule search has been done.
#  Implicit/static pattern stem: `ft_strlcpy'
#  Last modified 2022-05-26 13:52:20
#  File has been updated.
#  Successfully updated.
# variable set hash-table stats:
# Load=0/32=0%, Rehash=0, Collisions=0/0=0%
#  commands to execute (from `Makefile', line 66):
	@echo "[~] Linking $<"
	@$(CC) $(CFLAGS) $(RLINC) -c -o $@ $<
	

obj/manufact.o: src/test/node/manufact.c
#  Implicit rule search has been done.
#  Implicit/static pattern stem: `manufact'
#  Last modified 2022-05-26 13:52:22
#  File has been updated.
#  Successfully updated.
# variable set hash-table stats:
# Load=0/32=0%, Rehash=0, Collisions=0/0=0%
#  commands to execute (from `Makefile', line 66):
	@echo "[~] Linking $<"
	@$(CC) $(CFLAGS) $(RLINC) -c -o $@ $<
	

obj/ft_lstmap.o: libft/ft_lstmap.c
#  Implicit rule search has been done.
#  Implicit/static pattern stem: `ft_lstmap'
#  Last modified 2022-05-26 13:52:18
#  File has been updated.
#  Successfully updated.
# variable set hash-table stats:
# Load=0/32=0%, Rehash=0, Collisions=0/0=0%
#  commands to execute (from `Makefile', line 66):
	@echo "[~] Linking $<"
	@$(CC) $(CFLAGS) $(RLINC) -c -o $@ $<
	

obj/ft_strncmp.o: libft/ft_strncmp.c
#  Implicit rule search has been done.
#  Implicit/static pattern stem: `ft_strncmp'
#  Last modified 2022-05-26 13:52:21
#  File has been updated.
#  Successfully updated.
# variable set hash-table stats:
# Load=0/32=0%, Rehash=0, Collisions=0/0=0%
#  commands to execute (from `Makefile', line 66):
	@echo "[~] Linking $<"
	@$(CC) $(CFLAGS) $(RLINC) -c -o $@ $<
	

# Not a target:
libft/ft_strlcpy.c:
#  Implicit rule search has been done.
#  Last modified 2022-05-26 13:48:02
#  File has been updated.
#  Successfully updated.
# variable set hash-table stats:
# Load=0/32=0%, Rehash=0, Collisions=0/0=0%

obj/ft_isalnum.o: libft/ft_isalnum.c
#  Implicit rule search has been done.
#  Implicit/static pattern stem: `ft_isalnum'
#  Last modified 2022-05-26 13:52:16
#  File has been updated.
#  Successfully updated.
# variable set hash-table stats:
# Load=0/32=0%, Rehash=0, Collisions=0/0=0%
#  commands to execute (from `Makefile', line 66):
	@echo "[~] Linking $<"
	@$(CC) $(CFLAGS) $(RLINC) -c -o $@ $<
	

# Not a target:
libft/ft_memcpy.c:
#  Implicit rule search has been done.
#  Last modified 2022-05-26 13:48:02
#  File has been updated.
#  Successfully updated.
# variable set hash-table stats:
# Load=0/32=0%, Rehash=0, Collisions=0/0=0%

# Not a target:
libft/ft_lstmap.c:
#  Implicit rule search has been done.
#  Last modified 2022-05-26 13:48:02
#  File has been updated.
#  Successfully updated.
# variable set hash-table stats:
# Load=0/32=0%, Rehash=0, Collisions=0/0=0%

# Not a target:
src/test/node/manufact.c:
#  Implicit rule search has been done.
#  Last modified 2022-05-26 13:48:02
#  File has been updated.
#  Successfully updated.
# variable set hash-table stats:
# Load=0/32=0%, Rehash=0, Collisions=0/0=0%

obj/ft_lstadd_front.o: libft/ft_lstadd_front.c
#  Implicit rule search has been done.
#  Implicit/static pattern stem: `ft_lstadd_front'
#  Last modified 2022-05-26 13:52:17
#  File has been updated.
#  Successfully updated.
# variable set hash-table stats:
# Load=0/32=0%, Rehash=0, Collisions=0/0=0%
#  commands to execute (from `Makefile', line 66):
	@echo "[~] Linking $<"
	@$(CC) $(CFLAGS) $(RLINC) -c -o $@ $<
	

# Not a target:
libft/ft_strncmp.c:
#  Implicit rule search has been done.
#  Last modified 2022-05-26 13:48:02
#  File has been updated.
#  Successfully updated.
# variable set hash-table stats:
# Load=0/32=0%, Rehash=0, Collisions=0/0=0%

# Not a target:
src/test/is/is_pipe.c:
#  Implicit rule search has been done.
#  Last modified 2022-05-26 13:48:02
#  File has been updated.
#  Successfully updated.
# variable set hash-table stats:
# Load=0/32=0%, Rehash=0, Collisions=0/0=0%

obj/ft_isascii.o: libft/ft_isascii.c
#  Implicit rule search has been done.
#  Implicit/static pattern stem: `ft_isascii'
#  Last modified 2022-05-26 13:52:16
#  File has been updated.
#  Successfully updated.
# variable set hash-table stats:
# Load=0/32=0%, Rehash=0, Collisions=0/0=0%
#  commands to execute (from `Makefile', line 66):
	@echo "[~] Linking $<"
	@$(CC) $(CFLAGS) $(RLINC) -c -o $@ $<
	

obj/ft_strdup.o: libft/ft_strdup.c
#  Implicit rule search has been done.
#  Implicit/static pattern stem: `ft_strdup'
#  Last modified 2022-05-26 13:52:20
#  File has been updated.
#  Successfully updated.
# variable set hash-table stats:
# Load=0/32=0%, Rehash=0, Collisions=0/0=0%
#  commands to execute (from `Makefile', line 66):
	@echo "[~] Linking $<"
	@$(CC) $(CFLAGS) $(RLINC) -c -o $@ $<
	

obj/ft_lstdelone.o: libft/ft_lstdelone.c
#  Implicit rule search has been done.
#  Implicit/static pattern stem: `ft_lstdelone'
#  Last modified 2022-05-26 13:52:17
#  File has been updated.
#  Successfully updated.
# variable set hash-table stats:
# Load=0/32=0%, Rehash=0, Collisions=0/0=0%
#  commands to execute (from `Makefile', line 66):
	@echo "[~] Linking $<"
	@$(CC) $(CFLAGS) $(RLINC) -c -o $@ $<
	

# Not a target:
libft/ft_isalnum.c:
#  Implicit rule search has been done.
#  Last modified 2022-05-26 13:48:02
#  File has been updated.
#  Successfully updated.
# variable set hash-table stats:
# Load=0/32=0%, Rehash=0, Collisions=0/0=0%

obj/ft_memmove.o: libft/ft_memmove.c
#  Implicit rule search has been done.
#  Implicit/static pattern stem: `ft_memmove'
#  Last modified 2022-05-26 13:52:18
#  File has been updated.
#  Successfully updated.
# variable set hash-table stats:
# Load=0/32=0%, Rehash=0, Collisions=0/0=0%
#  commands to execute (from `Makefile', line 66):
	@echo "[~] Linking $<"
	@$(CC) $(CFLAGS) $(RLINC) -c -o $@ $<
	

all: minishell
#  Phony target (prerequisite of .PHONY).
#  Command-line target.
#  Implicit rule search has not been done.
#  File does not exist.
#  File has been updated.
#  Successfully updated.
# variable set hash-table stats:
# Load=0/32=0%, Rehash=0, Collisions=0/0=0%

obj/parsed_node.o: src/test/node/parsed_node.c
#  Implicit rule search has been done.
#  Implicit/static pattern stem: `parsed_node'
#  Last modified 2022-05-26 13:52:22
#  File has been updated.
#  Successfully updated.
# variable set hash-table stats:
# Load=0/32=0%, Rehash=0, Collisions=0/0=0%
#  commands to execute (from `Makefile', line 66):
	@echo "[~] Linking $<"
	@$(CC) $(CFLAGS) $(RLINC) -c -o $@ $<
	

 
obj/manufact_type.o: src/test/node/manufact_type.c
#  Implicit rule search has been done.
#  Implicit/static pattern stem: `manufact_type'
#  Last modified 2022-05-26 13:52:22
#  File has been updated.
#  Successfully updated.
# variable set hash-table stats:
# Load=0/32=0%, Rehash=0, Collisions=0/0=0%
#  commands to execute (from `Makefile', line 66):
	@echo "[~] Linking $<"
	@$(CC) $(CFLAGS) $(RLINC) -c -o $@ $<
	

obj/ft_strchr.o: libft/ft_strchr.c
#  Implicit rule search has been done.
#  Implicit/static pattern stem: `ft_strchr'
#  Last modified 2022-05-26 13:52:19
#  File has been updated.
#  Successfully updated.
# variable set hash-table stats:
# Load=0/32=0%, Rehash=0, Collisions=0/0=0%
#  commands to execute (from `Makefile', line 66):
	@echo "[~] Linking $<"
	@$(CC) $(CFLAGS) $(RLINC) -c -o $@ $<
	

# Not a target:
libft/ft_lstadd_front.c:
#  Implicit rule search has been done.
#  Last modified 2022-05-26 13:48:02
#  File has been updated.
#  Successfully updated.
# variable set hash-table stats:
# Load=0/32=0%, Rehash=0, Collisions=0/0=0%

# Not a target:
libft/ft_strdup.c:
#  Implicit rule search has been done.
#  Last modified 2022-05-26 13:48:02
#  File has been updated.
#  Successfully updated.
# variable set hash-table stats:
# Load=0/32=0%, Rehash=0, Collisions=0/0=0%

.PHONY: all clean fclean re
#  Implicit rule search has not been done.
#  Modification time never checked.
#  File has not been updated.

obj/ft_strjoin_leak.o: libft/ft_strjoin_leak.c
#  Implicit rule search has been done.
#  Implicit/static pattern stem: `ft_strjoin_leak'
#  Last modified 2022-05-26 13:52:20
#  File has been updated.
#  Successfully updated.
# variable set hash-table stats:
# Load=0/32=0%, Rehash=0, Collisions=0/0=0%
#  commands to execute (from `Makefile', line 66):
	@echo "[~] Linking $<"
	@$(CC) $(CFLAGS) $(RLINC) -c -o $@ $<
	

obj/ft_toupper.o: libft/ft_toupper.c
#  Implicit rule search has been done.
#  Implicit/static pattern stem: `ft_toupper'
#  Last modified 2022-05-26 13:52:21
#  File has been updated.
#  Successfully updated.
# variable set hash-table stats:
# Load=0/32=0%, Rehash=0, Collisions=0/0=0%
#  commands to execute (from `Makefile', line 66):
	@echo "[~] Linking $<"
	@$(CC) $(CFLAGS) $(RLINC) -c -o $@ $<
	

# Not a target:
libft/ft_memmove.c:
#  Implicit rule search has been done.
#  Last modified 2022-05-26 13:48:02
#  File has been updated.
#  Successfully updated.
# variable set hash-table stats:
# Load=0/32=0%, Rehash=0, Collisions=0/0=0%

obj/environ_node.o: src/test/node/environ_node.c
#  Implicit rule search has been done.
#  Implicit/static pattern stem: `environ_node'
#  Last modified 2022-05-26 13:52:21
#  File has been updated.
#  Successfully updated.
# variable set hash-table stats:
# Load=0/32=0%, Rehash=0, Collisions=0/0=0%
#  commands to execute (from `Makefile', line 66):
	@echo "[~] Linking $<"
	@$(CC) $(CFLAGS) $(RLINC) -c -o $@ $<
	

# Not a target:
src/test/node/parsed_node.c:
#  Implicit rule search has been done.
#  Last modified 2022-05-26 13:48:02
#  File has been updated.
#  Successfully updated.
# variable set hash-table stats:
# Load=0/32=0%, Rehash=0, Collisions=0/0=0%

# Not a target:
src/test/node/manufact_type.c:
#  Implicit rule search has been done.
#  Last modified 2022-05-26 13:48:02
#  File has been updated.
#  Successfully updated.
# variable set hash-table stats:
# Load=0/32=0%, Rehash=0, Collisions=0/0=0%

obj/ft_strnstr.o: libft/ft_strnstr.c
#  Implicit rule search has been done.
#  Implicit/static pattern stem: `ft_strnstr'
#  Last modified 2022-05-26 13:52:21
#  File has been updated.
#  Successfully updated.
# variable set hash-table stats:
# Load=0/32=0%, Rehash=0, Collisions=0/0=0%
#  commands to execute (from `Makefile', line 66):
	@echo "[~] Linking $<"
	@$(CC) $(CFLAGS) $(RLINC) -c -o $@ $<
	

# Not a target:
libft/ft_strjoin_leak.c:
#  Implicit rule search has been done.
#  Last modified 2022-05-26 13:48:02
#  File has been updated.
#  Successfully updated.
# variable set hash-table stats:
# Load=0/32=0%, Rehash=0, Collisions=0/0=0%

obj/ft_putstr_fd.o: libft/ft_putstr_fd.c
#  Implicit rule search has been done.
#  Implicit/static pattern stem: `ft_putstr_fd'
#  Last modified 2022-05-26 13:52:19
#  File has been updated.
#  Successfully updated.
# variable set hash-table stats:
# Load=0/32=0%, Rehash=0, Collisions=0/0=0%
#  commands to execute (from `Makefile', line 66):
	@echo "[~] Linking $<"
	@$(CC) $(CFLAGS) $(RLINC) -c -o $@ $<
	

# Not a target:
libft/ft_toupper.c:
#  Implicit rule search has been done.
#  Last modified 2022-05-26 13:48:02
#  File has been updated.
#  Successfully updated.
# variable set hash-table stats:
# Load=0/32=0%, Rehash=0, Collisions=0/0=0%

# Not a target:
src/test/node/environ_node.c:
#  Implicit rule search has been done.
#  Last modified 2022-05-26 13:48:02
#  File has been updated.
#  Successfully updated.
# variable set hash-table stats:
# Load=0/32=0%, Rehash=0, Collisions=0/0=0%

# Not a target:
libft/ft_strnstr.c:
#  Implicit rule search has been done.
#  Last modified 2022-05-26 13:48:02
#  File has been updated.
#  Successfully updated.
# variable set hash-table stats:
# Load=0/32=0%, Rehash=0, Collisions=0/0=0%

# Not a target:
libft/ft_lstnew.c:
#  Implicit rule search has been done.
#  Last modified 2022-05-26 13:48:02
#  File has been updated.
#  Successfully updated.
# variable set hash-table stats:
# Load=0/32=0%, Rehash=0, Collisions=0/0=0%

# Not a target:
libft/ft_putstr_fd.c:
#  Implicit rule search has been done.
#  Last modified 2022-05-26 13:48:02
#  File has been updated.
#  Successfully updated.
# variable set hash-table stats:
# Load=0/32=0%, Rehash=0, Collisions=0/0=0%

obj/main.o: src/main.c
#  Implicit rule search has been done.
#  Implicit/static pattern stem: `main'
#  Last modified 2022-05-26 13:52:13
#  File has been updated.
#  Successfully updated.
# variable set hash-table stats:
# Load=0/32=0%, Rehash=0, Collisions=0/0=0%
#  commands to execute (from `Makefile', line 66):
 
	@echo "[~] Linking $<"
	@$(CC) $(CFLAGS) $(RLINC) -c -o $@ $<
	

# Not a target:
.SUFFIXES:
#  Implicit rule search has not been done.
#  Modification time never checked.
#  File has not been updated.

obj/ft_putchar_fd.o: libft/ft_putchar_fd.c
#  Implicit rule search has been done.
#  Implicit/static pattern stem: `ft_putchar_fd'
#  Last modified 2022-05-26 13:52:19
#  File has been updated.
#  Successfully updated.
# variable set hash-table stats:
# Load=0/32=0%, Rehash=0, Collisions=0/0=0%
#  commands to execute (from `Makefile', line 66):
	@echo "[~] Linking $<"
	@$(CC) $(CFLAGS) $(RLINC) -c -o $@ $<
	

obj/ft_atoi.o: libft/ft_atoi.c
#  Implicit rule search has been done.
#  Implicit/static pattern stem: `ft_atoi'
#  Last modified 2022-05-26 13:52:16
#  File has been updated.
#  Successfully updated.
# variable set hash-table stats:
# Load=0/32=0%, Rehash=0, Collisions=0/0=0%
#  commands to execute (from `Makefile', line 66):
	@echo "[~] Linking $<"
	@$(CC) $(CFLAGS) $(RLINC) -c -o $@ $<
	

# Not a target:
Makefile:
#  Implicit rule search has been done.
#  Last modified 2022-05-26 13:53:14
#  File has been updated.
#  Successfully updated.
# variable set hash-table stats:
# Load=0/32=0%, Rehash=0, Collisions=0/0=0%

# Not a target:
src/test/is/is_redr.c:
#  Implicit rule search has been done.
#  Last modified 2022-05-26 13:48:02
#  File has been updated.
#  Successfully updated.
# variable set hash-table stats:
# Load=0/32=0%, Rehash=0, Collisions=0/0=0%

# Not a target:
libft/ft_lstdelone.c:
#  Implicit rule search has been done.
#  Last modified 2022-05-26 13:48:02
#  File has been updated.
#  Successfully updated.
# variable set hash-table stats:
# Load=0/32=0%, Rehash=0, Collisions=0/0=0%

# Not a target:
src/test/is/is_dolr.c:
#  Implicit rule search has been done.
#  Last modified 2022-05-26 13:48:02
#  File has been updated.
#  Successfully updated.
# variable set hash-table stats:
# Load=0/32=0%, Rehash=0, Collisions=0/0=0%

obj/ft_strtrim.o: libft/ft_strtrim.c
#  Implicit rule search has been done.
#  Implicit/static pattern stem: `ft_strtrim'
#  Last modified 2022-05-26 13:52:21
#  File has been updated.
#  Successfully updated.
# variable set hash-table stats:
# Load=0/32=0%, Rehash=0, Collisions=0/0=0%
#  commands to execute (from `Makefile', line 66):
	@echo "[~] Linking $<"
	@$(CC) $(CFLAGS) $(RLINC) -c -o $@ $<
	

obj/is_null.o: src/test/is/is_null.c
#  Implicit rule search has been done.
#  Implicit/static pattern stem: `is_null'
#  Last modified 2022-05-26 13:52:14
#  File has been updated.
#  Successfully updated.
# variable set hash-table stats:
# Load=0/32=0%, Rehash=0, Collisions=0/0=0%
#  commands to execute (from `Makefile', line 66):
	@echo "[~] Linking $<"
	@$(CC) $(CFLAGS) $(RLINC) -c -o $@ $<
	

# Not a target:
src/test/is/is_space.c:
#  Implicit rule search has been done.
#  Last modified 2022-05-26 13:48:02
#  File has been updated.
#  Successfully updated.
# variable set hash-table stats:
# Load=0/32=0%, Rehash=0, Collisions=0/0=0%

obj/is_quot.o: src/test/is/is_quot.c
#  Implicit rule search has been done.
#  Implicit/static pattern stem: `is_quot'
#  Last modified 2022-05-26 13:52:14
#  File has been updated.
#  Successfully updated.
# variable set hash-table stats:
# Load=0/32=0%, Rehash=0, Collisions=0/0=0%
#  commands to execute (from `Makefile', line 66):
	@echo "[~] Linking $<"
	@$(CC) $(CFLAGS) $(RLINC) -c -o $@ $<
	

# Not a target:
libft/ft_atoi.c:
#  Implicit rule search has been done.
#  Last modified 2022-05-26 13:48:02
#  File has been updated.
#  Successfully updated.
# variable set hash-table stats:
# Load=0/32=0%, Rehash=0, Collisions=0/0=0%

obj/proc_null.o: src/test/proc/proc_null.c
#  Implicit rule search has been done.
#  Implicit/static pattern stem: `proc_null'
#  Last modified 2022-05-26 13:52:15
#  File has been updated.
#  Successfully updated.
# variable set hash-table stats:
# Load=0/32=0%, Rehash=0, Collisions=0/0=0%
#  commands to execute (from `Makefile', line 66):
	@echo "[~] Linking $<"
	@$(CC) $(CFLAGS) $(RLINC) -c -o $@ $<
	

obj/proc_find_letter.o: src/test/proc/proc_find_letter.c
#  Implicit rule search has been done.
#  Implicit/static pattern stem: `proc_find_letter'
#  Last modified 2022-05-26 13:52:14
#  File has been updated.
#  Successfully updated.
# variable set hash-table stats:
# Load=0/32=0%, Rehash=0, Collisions=0/0=0%
#  commands to execute (from `Makefile', line 66):
	@echo "[~] Linking $<"
	@$(CC) $(CFLAGS) $(RLINC) -c -o $@ $<
	

obj/ft_lstadd_back.o: libft/ft_lstadd_back.c
#  Implicit rule search has been done.
#  Implicit/static pattern stem: `ft_lstadd_back'
#  Last modified 2022-05-26 13:52:17
#  File has been updated.
#  Successfully updated.
# variable set hash-table stats:
# Load=0/32=0%, Rehash=0, Collisions=0/0=0%
#  commands to execute (from `Makefile', line 66):
	@echo "[~] Linking $<"
	@$(CC) $(CFLAGS) $(RLINC) -c -o $@ $<
	

# Not a target:
libft/ft_strtrim.c:
#  Implicit rule search has been done.
#  Last modified 2022-05-26 13:48:02
#  File has been updated.
#  Successfully updated.
# variable set hash-table stats:
# Load=0/32=0%, Rehash=0, Collisions=0/0=0%

obj/proc_quot.o: src/test/proc/proc_quot.c
#  Implicit rule search has been done.
#  Implicit/static pattern stem: `proc_quot'
#  Last modified 2022-05-26 13:52:15
#  File has been updated.
#  Successfully updated.
# variable set hash-table stats:
# Load=0/32=0%, Rehash=0, Collisions=0/0=0%
#  commands to execute (from `Makefile', line 66):
	@echo "[~] Linking $<"
	@$(CC) $(CFLAGS) $(RLINC) -c -o $@ $<
	

# Not a target:
src/test/proc/proc_redr.c:
#  Implicit rule search has been done.
#  Last modified 2022-05-26 13:48:02
#  File has been updated.
#  Successfully updated.
# variable set hash-table stats:
# Load=0/32=0%, Rehash=0, Collisions=0/0=0%

# Not a target:
src/test/proc/proc_dolr.c:
#  Implicit rule search has been done.
#  Last modified 2022-05-26 13:48:02
#  File has been updated.
#  Successfully updated.
# variable set hash-table stats:
# Load=0/32=0%, Rehash=0, Collisions=0/0=0%

# Not a target:
src/test/proc/proc_space.c:
#  Implicit rule search has been done.
#  Last modified 2022-05-26 13:48:02
#  File has been updated.
#  Successfully updated.
# variable set hash-table stats:
# Load=0/32=0%, Rehash=0, Collisions=0/0=0%

obj/ft_putendl_fd.o: libft/ft_putendl_fd.c
#  Implicit rule search has been done.
#  Implicit/static pattern stem: `ft_putendl_fd'
#  Last modified 2022-05-26 13:52:19
#  File has been updated.
#  Successfully updated.
# variable set hash-table stats:
# Load=0/32=0%, Rehash=0, Collisions=0/0=0%
#  commands to execute (from `Makefile', line 66):
	@echo "[~] Linking $<"
	@$(CC) $(CFLAGS) $(RLINC) -c -o $@ $<
	

# Not a target:
src/test/struct/init_special.c:
#  Implicit rule search has been done.
#  Last modified 2022-05-26 13:48:02
#  File has been updated.
#  Successfully updated.
# variable set hash-table stats:
# Load=0/32=0%, Rehash=0, Collisions=0/0=0%

obj/ft_strmapi.o: libft/ft_strmapi.c
#  Implicit rule search has been done.
#  Implicit/static pattern stem: `ft_strmapi'
#  Last modified 2022-05-26 13:52:20
#  File has been updated.
#  Successfully updated.
# variable set hash-table stats:
# Load=0/32=0%, Rehash=0, Collisions=0/0=0%
#  commands to execute (from `Makefile', line 66):
	@echo "[~] Linking $<"
	@$(CC) $(CFLAGS) $(RLINC) -c -o $@ $<
	

obj/ft_lstiter.o: libft/ft_lstiter.c
#  Implicit rule search has been done.
#  Implicit/static pattern stem: `ft_lstiter'
#  Last modified 2022-05-26 13:52:17
#  File has been updated.
#  Successfully updated.
# variable set hash-table stats:
# Load=0/32=0%, Rehash=0, Collisions=0/0=0%
#  commands to execute (from `Makefile', line 66):
	@echo "[~] Linking $<"
	@$(CC) $(CFLAGS) $(RLINC) -c -o $@ $<
	

# Not a target:
libft/ft_lstadd_back.c:
#  Implicit rule search has been done.
#  Last modified 2022-05-26 13:48:02
#  File has been updated.
#  Successfully updated.
# variable set hash-table stats:
# Load=0/32=0%, Rehash=0, Collisions=0/0=0%

# Not a target:
src/test/struct/init_environ.c:
#  Implicit rule search has been done.
#  Last modified 2022-05-26 13:48:02
#  File has been updated.
 
#  Successfully updated.
# variable set hash-table stats:
# Load=0/32=0%, Rehash=0, Collisions=0/0=0%

# Not a target:
libft/ft_putendl_fd.c:
#  Implicit rule search has been done.
#  Last modified 2022-05-26 13:48:02
#  File has been updated.
#  Successfully updated.
# variable set hash-table stats:
# Load=0/32=0%, Rehash=0, Collisions=0/0=0%

# Not a target:
libft/ft_strmapi.c:
#  Implicit rule search has been done.
#  Last modified 2022-05-26 13:48:02
#  File has been updated.
#  Successfully updated.
# variable set hash-table stats:
# Load=0/32=0%, Rehash=0, Collisions=0/0=0%

# Not a target:
libft/ft_lstiter.c:
#  Implicit rule search has been done.
#  Last modified 2022-05-26 13:48:02
#  File has been updated.
#  Successfully updated.
# variable set hash-table stats:
# Load=0/32=0%, Rehash=0, Collisions=0/0=0%

minishell: obj/main.o obj/distinguish.o obj/test.o obj/is_dolr.o obj/is_null.o obj/is_pipe.o obj/is_quot.o obj/is_redr.o obj/is_space.o obj/proc_dolr.o obj/proc_find_letter.o obj/proc_null.o obj/proc_pipe.o obj/proc_quot.o obj/proc_redr.o obj/proc_space.o obj/init_environ.o obj/init_special.o obj/init_struct.o obj/malloc_struct.o obj/ft_atoi.o obj/ft_bzero.o obj/ft_calloc.o obj/ft_isalnum.o obj/ft_isalpha.o obj/ft_isascii.o obj/ft_isdigit.o obj/ft_isprint.o obj/ft_itoa.o obj/ft_lstadd_back.o obj/ft_lstadd_front.o obj/ft_lstclear.o obj/ft_lstdelone.o obj/ft_lstiter.o obj/ft_lstlast.o obj/ft_lstmap.o obj/ft_lstnew.o obj/ft_lstsize.o obj/ft_memchr.o obj/ft_memcmp.o obj/ft_memcpy.o obj/ft_memmove.o obj/ft_memset.o obj/ft_putchar_fd.o obj/ft_putendl_fd.o obj/ft_putnbr_fd.o obj/ft_putstr_fd.o obj/ft_split.o obj/ft_strchr.o obj/ft_strdup.o obj/ft_striteri.o obj/ft_strjoin.o obj/ft_strjoin_leak.o obj/ft_strlcat.o obj/ft_strlcpy.o obj/ft_strlen.o obj/ft_strmapi.o obj/ft_strncmp.o obj/ft_strnstr.o obj/ft_strrchr.o obj/ft_strtrim.o obj/ft_substr.o obj/ft_tolower.o obj/ft_toupper.o obj/environ_node.o obj/manufact.o obj/manufact_type.o obj/parsed_node.o obj/free_set_a.o
#  Implicit rule search has not been done.
#  Last modified 2022-05-26 13:52:22
#  File has been updated.
#  Successfully updated.
# variable set hash-table stats:
# Load=0/32=0%, Rehash=0, Collisions=0/0=0%
#  commands to execute (from `Makefile', line 70):
	@echo "[+] Create minishell"
	@$(CC) $(CFLAGS) $(RLINC) $(RLLINK) -o $@ $(OBJS)
	

obj/ft_lstsize.o: libft/ft_lstsize.c
#  Implicit rule search has been done.
#  Implicit/static pattern stem: `ft_lstsize'
#  Last modified 2022-05-26 13:52:18
#  File has been updated.
#  Successfully updated.
# variable set hash-table stats:
# Load=0/32=0%, Rehash=0, Collisions=0/0=0%
#  commands to execute (from `Makefile', line 66):
	@echo "[~] Linking $<"
	@$(CC) $(CFLAGS) $(RLINC) -c -o $@ $<
	

obj/ft_memcpy.o: libft/ft_memcpy.c
#  Implicit rule search has been done.
#  Implicit/static pattern stem: `ft_memcpy'
#  Last modified 2022-05-26 13:52:18
#  File has been updated.
#  Successfully updated.
# variable set hash-table stats:
# Load=0/32=0%, Rehash=0, Collisions=0/0=0%
#  commands to execute (from `Makefile', line 66):
	@echo "[~] Linking $<"
	@$(CC) $(CFLAGS) $(RLINC) -c -o $@ $<
	

obj/ft_itoa.o: libft/ft_itoa.c
#  Implicit rule search has been done.
#  Implicit/static pattern stem: `ft_itoa'
#  Last modified 2022-05-26 13:52:17
#  File has been updated.
#  Successfully updated.
# variable set hash-table stats:
# Load=0/32=0%, Rehash=0, Collisions=0/0=0%
#  commands to execute (from `Makefile', line 66):
	@echo "[~] Linking $<"
	@$(CC) $(CFLAGS) $(RLINC) -c -o $@ $<
	

obj/ft_memcmp.o: libft/ft_memcmp.c
#  Implicit rule search has been done.
#  Implicit/static pattern stem: `ft_memcmp'
#  Last modified 2022-05-26 13:52:18
#  File has been updated.
#  Successfully updated.
# variable set hash-table stats:
# Load=0/32=0%, Rehash=0, Collisions=0/0=0%
#  commands to execute (from `Makefile', line 66):
	@echo "[~] Linking $<"
	@$(CC) $(CFLAGS) $(RLINC) -c -o $@ $<
	

obj/ft_strlen.o: libft/ft_strlen.c
#  Implicit rule search has been done.
#  Implicit/static pattern stem: `ft_strlen'
#  Last modified 2022-05-26 13:52:20
#  File has been updated.
#  Successfully updated.
# variable set hash-table stats:
# Load=0/32=0%, Rehash=0, Collisions=0/0=0%
#  commands to execute (from `Makefile', line 66):
	@echo "[~] Linking $<"
	@$(CC) $(CFLAGS) $(RLINC) -c -o $@ $<
	

obj/ft_memchr.o: libft/ft_memchr.c
#  Implicit rule search has been done.
#  Implicit/static pattern stem: `ft_memchr'
#  Last modified 2022-05-26 13:52:18
#  File has been updated.
#  Successfully updated.
# variable set hash-table stats:
# Load=0/32=0%, Rehash=0, Collisions=0/0=0%
#  commands to execute (from `Makefile', line 66):
 
	@echo "[~] Linking $<"
	@$(CC) $(CFLAGS) $(RLINC) -c -o $@ $<
	

obj/ft_isdigit.o: libft/ft_isdigit.c
#  Implicit rule search has been done.
#  Implicit/static pattern stem: `ft_isdigit'
#  Last modified 2022-05-26 13:52:17
#  File has been updated.
#  Successfully updated.
# variable set hash-table stats:
# Load=0/32=0%, Rehash=0, Collisions=0/0=0%
#  commands to execute (from `Makefile', line 66):
	@echo "[~] Linking $<"
	@$(CC) $(CFLAGS) $(RLINC) -c -o $@ $<
	

obj/ft_strrchr.o: libft/ft_strrchr.c
#  Implicit rule search has been done.
#  Implicit/static pattern stem: `ft_strrchr'
#  Last modified 2022-05-26 13:52:21
#  File has been updated.
#  Successfully updated.
# variable set hash-table stats:
# Load=0/32=0%, Rehash=0, Collisions=0/0=0%
#  commands to execute (from `Makefile', line 66):
	@echo "[~] Linking $<"
	@$(CC) $(CFLAGS) $(RLINC) -c -o $@ $<
	

# Not a target:
libft/ft_itoa.c:
#  Implicit rule search has been done.
#  Last modified 2022-05-26 13:48:02
#  File has been updated.
#  Successfully updated.
# variable set hash-table stats:
# Load=0/32=0%, Rehash=0, Collisions=0/0=0%

fclean: clean
#  Phony target (prerequisite of .PHONY).
#  Implicit rule search has not been done.
#  File does not exist.
#  File has not been updated.
#  commands to execute (from `Makefile', line 78):
	@$(RM) $(NAME)
	@echo "[-] Delete run files"
	

# Not a target:
src/test/struct/malloc_struct.c:
#  Implicit rule search has been done.
#  Last modified 2022-05-26 13:48:02
#  File has been updated.
#  Successfully updated.
# variable set hash-table stats:
# Load=0/32=0%, Rehash=0, Collisions=0/0=0%

obj/ft_lstlast.o: libft/ft_lstlast.c
#  Implicit rule search has been done.
#  Implicit/static pattern stem: `ft_lstlast'
#  Last modified 2022-05-26 13:52:18
#  File has been updated.
#  Successfully updated.
# variable set hash-table stats:
# Load=0/32=0%, Rehash=0, Collisions=0/0=0%
#  commands to execute (from `Makefile', line 66):
	@echo "[~] Linking $<"
	@$(CC) $(CFLAGS) $(RLINC) -c -o $@ $<
	

# Not a target:
libft/ft_memcmp.c:
#  Implicit rule search has been done.
#  Last modified 2022-05-26 13:48:02
#  File has been updated.
#  Successfully updated.
# variable set hash-table stats:
# Load=0/32=0%, Rehash=0, Collisions=0/0=0%

# Not a target:
libft/ft_strlen.c:
#  Implicit rule search has been done.
#  Last modified 2022-05-26 13:48:02
#  File has been updated.
#  Successfully updated.
# variable set hash-table stats:
# Load=0/32=0%, Rehash=0, Collisions=0/0=0%

obj/test.o: src/test/test.c
#  Implicit rule search has been done.
#  Implicit/static pattern stem: `test'
#  Last modified 2022-05-26 13:52:13
#  File has been updated.
#  Successfully updated.
# variable set hash-table stats:
# Load=0/32=0%, Rehash=0, Collisions=0/0=0%
#  commands to execute (from `Makefile', line 66):
	@echo "[~] Linking $<"
	@$(CC) $(CFLAGS) $(RLINC) -c -o $@ $<
	

# Not a target:
libft/ft_isascii.c:
 
#  Implicit rule search has been done.
#  Last modified 2022-05-26 13:48:02
#  File has been updated.
#  Successfully updated.
# variable set hash-table stats:
# Load=0/32=0%, Rehash=0, Collisions=0/0=0%

# Not a target:
libft/ft_isdigit.c:
#  Implicit rule search has been done.
#  Last modified 2022-05-26 13:48:02
#  File has been updated.
#  Successfully updated.
# variable set hash-table stats:
# Load=0/32=0%, Rehash=0, Collisions=0/0=0%

obj/ft_memset.o: libft/ft_memset.c
#  Implicit rule search has been done.
#  Implicit/static pattern stem: `ft_memset'
#  Last modified 2022-05-26 13:52:19
#  File has been updated.
#  Successfully updated.
# variable set hash-table stats:
# Load=0/32=0%, Rehash=0, Collisions=0/0=0%
#  commands to execute (from `Makefile', line 66):
	@echo "[~] Linking $<"
	@$(CC) $(CFLAGS) $(RLINC) -c -o $@ $<
	

# Not a target:
src/main.c:
#  Implicit rule search has been done.
#  Last modified 2022-05-26 13:48:18
#  File has been updated.
#  Successfully updated.
# variable set hash-table stats:
# Load=0/32=0%, Rehash=0, Collisions=0/0=0%

# Not a target:
libft/ft_lstlast.c:
#  Implicit rule search has been done.
#  Last modified 2022-05-26 13:48:02
#  File has been updated.
#  Successfully updated.
# variable set hash-table stats:
# Load=0/32=0%, Rehash=0, Collisions=0/0=0%

# Not a target:
libft/ft_memchr.c:
#  Implicit rule search has been done.
#  Last modified 2022-05-26 13:48:02
#  File has been updated.
#  Successfully updated.
# variable set hash-table stats:
# Load=0/32=0%, Rehash=0, Collisions=0/0=0%

obj/init_special.o: src/test/struct/init_special.c
#  Implicit rule search has been done.
#  Implicit/static pattern stem: `init_special'
#  Last modified 2022-05-26 13:52:15
#  File has been updated.
#  Successfully updated.
# variable set hash-table stats:
# Load=0/32=0%, Rehash=0, Collisions=0/0=0%
#  commands to execute (from `Makefile', line 66):
	@echo "[~] Linking $<"
	@$(CC) $(CFLAGS) $(RLINC) -c -o $@ $<
	

# Not a target:
src/test/struct/init_struct.c:
#  Implicit rule search has been done.
#  Last modified 2022-05-26 13:48:02
#  File has been updated.
#  Successfully updated.
# variable set hash-table stats:
# Load=0/32=0%, Rehash=0, Collisions=0/0=0%

obj/ft_tolower.o: libft/ft_tolower.c
#  Implicit rule search has been done.
#  Implicit/static pattern stem: `ft_tolower'
#  Last modified 2022-05-26 13:52:21
#  File has been updated.
#  Successfully updated.
# variable set hash-table stats:
# Load=0/32=0%, Rehash=0, Collisions=0/0=0%
#  commands to execute (from `Makefile', line 66):
	@echo "[~] Linking $<"
	@$(CC) $(CFLAGS) $(RLINC) -c -o $@ $<
	

obj/is_pipe.o: src/test/is/is_pipe.c
#  Implicit rule search has been done.
#  Implicit/static pattern stem: `is_pipe'
#  Last modified 2022-05-26 13:52:14
#  File has been updated.
#  Successfully updated.
# variable set hash-table stats:
# Load=0/32=0%, Rehash=0, Collisions=0/0=0%
#  commands to execute (from `Makefile', line 66):
	@echo "[~] Linking $<"
	@$(CC) $(CFLAGS) $(RLINC) -c -o $@ $<
	

# Not a target:
libft/ft_strlcat.c:
#  Implicit rule search has been done.
#  Last modified 2022-05-26 13:48:02
#  File has been updated.
#  Successfully updated.
# variable set hash-table stats:
# Load=0/32=0%, Rehash=0, Collisions=0/0=0%

obj/ft_strjoin.o: libft/ft_strjoin.c
#  Implicit rule search has been done.
#  Implicit/static pattern stem: `ft_strjoin'
#  Last modified 2022-05-26 13:52:20
#  File has been updated.
#  Successfully updated.
# variable set hash-table stats:
# Load=0/32=0%, Rehash=0, Collisions=0/0=0%
#  commands to execute (from `Makefile', line 66):
	@echo "[~] Linking $<"
	@$(CC) $(CFLAGS) $(RLINC) -c -o $@ $<
	

obj/ft_split.o: libft/ft_split.c
#  Implicit rule search has been done.
#  Implicit/static pattern stem: `ft_split'
#  Last modified 2022-05-26 13:52:19
#  File has been updated.
#  Successfully updated.
# variable set hash-table stats:
# Load=0/32=0%, Rehash=0, Collisions=0/0=0%
#  commands to execute (from `Makefile', line 66):
	@echo "[~] Linking $<"
	@$(CC) $(CFLAGS) $(RLINC) -c -o $@ $<
	

obj/ft_lstclear.o: libft/ft_lstclear.c
#  Implicit rule search has been done.
#  Implicit/static pattern stem: `ft_lstclear'
#  Last modified 2022-05-26 13:52:17
#  File has been updated.
#  Successfully updated.
# variable set hash-table stats:
# Load=0/32=0%, Rehash=0, Collisions=0/0=0%
#  commands to execute (from `Makefile', line 66):
	@echo "[~] Linking $<"
	@$(CC) $(CFLAGS) $(RLINC) -c -o $@ $<
	

obj/proc_pipe.o: src/test/proc/proc_pipe.c
#  Implicit rule search has been done.
#  Implicit/static pattern stem: `proc_pipe'
#  Last modified 2022-05-26 13:52:15
#  File has been updated.
#  Successfully updated.
# variable set hash-table stats:
# Load=0/32=0%, Rehash=0, Collisions=0/0=0%
#  commands to execute (from `Makefile', line 66):
	@echo "[~] Linking $<"
	@$(CC) $(CFLAGS) $(RLINC) -c -o $@ $<
	

# Not a target:
libft/ft_tolower.c:
#  Implicit rule search has been done.
#  Last modified 2022-05-26 13:48:02
#  File has been updated.
#  Successfully updated.
# variable set hash-table stats:
# Load=0/32=0%, Rehash=0, Collisions=0/0=0%

# Not a target:
.DEFAULT:
#  Implicit rule search has not been done.
#  Modification time never checked.
#  File has not been updated.

# Not a target:
libft/ft_strrchr.c:
#  Implicit rule search has been done.
#  Last modified 2022-05-26 13:48:02
#  File has been updated.
#  Successfully updated.
# variable set hash-table stats:
# Load=0/32=0%, Rehash=0, Collisions=0/0=0%

# Not a target:
libft/ft_strjoin.c:
#  Implicit rule search has been done.
#  Last modified 2022-05-26 13:48:02
#  File has been updated.
#  Successfully updated.
# variable set hash-table stats:
# Load=0/32=0%, Rehash=0, Collisions=0/0=0%

# Not a target:
libft/ft_split.c:
#  Implicit rule search has been done.
#  Last modified 2022-05-26 13:48:02
#  File has been updated.
 
#  Successfully updated.
# variable set hash-table stats:
# Load=0/32=0%, Rehash=0, Collisions=0/0=0%

# Not a target:
libft/ft_lstclear.c:
#  Implicit rule search has been done.
#  Last modified 2022-05-26 13:48:02
#  File has been updated.
#  Successfully updated.
# variable set hash-table stats:
# Load=0/32=0%, Rehash=0, Collisions=0/0=0%

obj/ft_strlcat.o: libft/ft_strlcat.c
#  Implicit rule search has been done.
#  Implicit/static pattern stem: `ft_strlcat'
#  Last modified 2022-05-26 13:52:20
#  File has been updated.
#  Successfully updated.
# variable set hash-table stats:
# Load=0/32=0%, Rehash=0, Collisions=0/0=0%
#  commands to execute (from `Makefile', line 66):
	@echo "[~] Linking $<"
	@$(CC) $(CFLAGS) $(RLINC) -c -o $@ $<
	

obj/malloc_struct.o: src/test/struct/malloc_struct.c
#  Implicit rule search has been done.
#  Implicit/static pattern stem: `malloc_struct'
#  Last modified 2022-05-26 13:52:16
#  File has been updated.
#  Successfully updated.
# variable set hash-table stats:
# Load=0/32=0%, Rehash=0, Collisions=0/0=0%
#  commands to execute (from `Makefile', line 66):
	@echo "[~] Linking $<"
	@$(CC) $(CFLAGS) $(RLINC) -c -o $@ $<
	

obj/ft_bzero.o: libft/ft_bzero.c
#  Implicit rule search has been done.
#  Implicit/static pattern stem: `ft_bzero'
#  Last modified 2022-05-26 13:52:16
#  File has been updated.
#  Successfully updated.
# variable set hash-table stats:
# Load=0/32=0%, Rehash=0, Collisions=0/0=0%
#  commands to execute (from `Makefile', line 66):
	@echo "[~] Linking $<"
	@$(CC) $(CFLAGS) $(RLINC) -c -o $@ $<
	

re: fclean all
#  Phony target (prerequisite of .PHONY).
#  Implicit rule search has not been done.
#  File does not exist.
#  File has not been updated.

obj/ft_isprint.o: libft/ft_isprint.c
#  Implicit rule search has been done.
#  Implicit/static pattern stem: `ft_isprint'
#  Last modified 2022-05-26 13:52:17
#  File has been updated.
#  Successfully updated.
# variable set hash-table stats:
# Load=0/32=0%, Rehash=0, Collisions=0/0=0%
#  commands to execute (from `Makefile', line 66):
	@echo "[~] Linking $<"
	@$(CC) $(CFLAGS) $(RLINC) -c -o $@ $<
	

# Not a target:
libft/ft_putchar_fd.c:
#  Implicit rule search has been done.
#  Last modified 2022-05-26 13:48:02
#  File has been updated.
#  Successfully updated.
# variable set hash-table stats:
# Load=0/32=0%, Rehash=0, Collisions=0/0=0%

# Not a target:
libft/ft_memset.c:
#  Implicit rule search has been done.
#  Last modified 2022-05-26 13:48:02
#  File has been updated.
#  Successfully updated.
# variable set hash-table stats:
# Load=0/32=0%, Rehash=0, Collisions=0/0=0%

clean:
#  Phony target (prerequisite of .PHONY).
#  Implicit rule search has not been done.
#  File does not exist.
#  File has not been updated.
#  commands to execute (from `Makefile', line 74):
	@$(RM) $(OBJS)
	@echo "[-] Delete object files"
	

# Not a target:
src/test/test.c:
#  Implicit rule search has been done.
#  Last modified 2022-05-26 13:48:02
#  File has been updated.
#  Successfully updated.
# variable set hash-table stats:
# Load=0/32=0%, Rehash=0, Collisions=0/0=0%

# Not a target:
libft/ft_bzero.c:
#  Implicit rule search has been done.
#  Last modified 2022-05-26 13:48:02
#  File has been updated.
#  Successfully updated.
# variable set hash-table stats:
# Load=0/32=0%, Rehash=0, Collisions=0/0=0%

obj/free_set_a.o: src/test/free/free_set_a.c
#  Implicit rule search has been done.
#  Implicit/static pattern stem: `free_set_a'
#  Last modified 2022-05-26 13:52:22
#  File has been updated.
#  Successfully updated.
# variable set hash-table stats:
# Load=0/32=0%, Rehash=0, Collisions=0/0=0%
#  commands to execute (from `Makefile', line 66):
	@echo "[~] Linking $<"
	@$(CC) $(CFLAGS) $(RLINC) -c -o $@ $<
	

obj/init_struct.o: src/test/struct/init_struct.c
#  Implicit rule search has been done.
#  Implicit/static pattern stem: `init_struct'
#  Last modified 2022-05-26 13:52:16
#  File has been updated.
#  Successfully updated.
# variable set hash-table stats:
# Load=0/32=0%, Rehash=0, Collisions=0/0=0%
#  commands to execute (from `Makefile', line 66):
	@echo "[~] Linking $<"
	@$(CC) $(CFLAGS) $(RLINC) -c -o $@ $<
	

# Not a target:
libft/ft_isprint.c:
#  Implicit rule search has been done.
#  Last modified 2022-05-26 13:48:02
#  File has been updated.
#  Successfully updated.
# variable set hash-table stats:
# Load=0/32=0%, Rehash=0, Collisions=0/0=0%

# Not a target:
src/test/distinguish.c:
#  Implicit rule search has been done.
#  Last modified 2022-05-26 13:50:46
#  File has been updated.
#  Successfully updated.
# variable set hash-table stats:
# Load=0/32=0%, Rehash=0, Collisions=0/0=0%

obj/ft_striteri.o: libft/ft_striteri.c
#  Implicit rule search has been done.
 
#  Implicit/static pattern stem: `ft_striteri'
#  Last modified 2022-05-26 13:52:20
#  File has been updated.
#  Successfully updated.
# variable set hash-table stats:
# Load=0/32=0%, Rehash=0, Collisions=0/0=0%
#  commands to execute (from `Makefile', line 66):
	@echo "[~] Linking $<"
	@$(CC) $(CFLAGS) $(RLINC) -c -o $@ $<
	

# Not a target:
libft/ft_striteri.c:
#  Implicit rule search has been done.
#  Last modified 2022-05-26 13:48:02
#  File has been updated.
#  Successfully updated.
# variable set hash-table stats:
# Load=0/32=0%, Rehash=0, Collisions=0/0=0%

obj/is_redr.o: src/test/is/is_redr.c
#  Implicit rule search has been done.
#  Implicit/static pattern stem: `is_redr'
#  Last modified 2022-05-26 13:52:14
#  File has been updated.
#  Successfully updated.
# variable set hash-table stats:
# Load=0/32=0%, Rehash=0, Collisions=0/0=0%
#  commands to execute (from `Makefile', line 66):
	@echo "[~] Linking $<"
	@$(CC) $(CFLAGS) $(RLINC) -c -o $@ $<
	

obj/is_dolr.o: src/test/is/is_dolr.c
#  Implicit rule search has been done.
#  Implicit/static pattern stem: `is_dolr'
#  Last modified 2022-05-26 13:52:14
#  File has been updated.
#  Successfully updated.
# variable set hash-table stats:
# Load=0/32=0%, Rehash=0, Collisions=0/0=0%
#  commands to execute (from `Makefile', line 66):
	@echo "[~] Linking $<"
	@$(CC) $(CFLAGS) $(RLINC) -c -o $@ $<
	

obj/ft_lstnew.o: libft/ft_lstnew.c
#  Implicit rule search has been done.
#  Implicit/static pattern stem: `ft_lstnew'
#  Last modified 2022-05-26 13:52:18
#  File has been updated.
#  Successfully updated.
# variable set hash-table stats:
# Load=0/32=0%, Rehash=0, Collisions=0/0=0%
#  commands to execute (from `Makefile', line 66):
	@echo "[~] Linking $<"
	@$(CC) $(CFLAGS) $(RLINC) -c -o $@ $<
	

obj/is_space.o: src/test/is/is_space.c
#  Implicit rule search has been done.
#  Implicit/static pattern stem: `is_space'
#  Last modified 2022-05-26 13:52:14
#  File has been updated.
#  Successfully updated.
# variable set hash-table stats:
# Load=0/32=0%, Rehash=0, Collisions=0/0=0%
#  commands to execute (from `Makefile', line 66):
	@echo "[~] Linking $<"
	@$(CC) $(CFLAGS) $(RLINC) -c -o $@ $<
	

obj/proc_redr.o: src/test/proc/proc_redr.c
#  Implicit rule search has been done.
#  Implicit/static pattern stem: `proc_redr'
#  Last modified 2022-05-26 13:52:15
#  File has been updated.
#  Successfully updated.
# variable set hash-table stats:
# Load=0/32=0%, Rehash=0, Collisions=0/0=0%
#  commands to execute (from `Makefile', line 66):
	@echo "[~] Linking $<"
	@$(CC) $(CFLAGS) $(RLINC) -c -o $@ $<
	

obj/proc_dolr.o: src/test/proc/proc_dolr.c
#  Implicit rule search has been done.
#  Implicit/static pattern stem: `proc_dolr'
#  Last modified 2022-05-26 13:52:14
#  File has been updated.
#  Successfully updated.
# variable set hash-table stats:
# Load=0/32=0%, Rehash=0, Collisions=0/0=0%
#  commands to execute (from `Makefile', line 66):
	@echo "[~] Linking $<"
	@$(CC) $(CFLAGS) $(RLINC) -c -o $@ $<
	

obj/proc_space.o: src/test/proc/proc_space.c
#  Implicit rule search has been done.
#  Implicit/static pattern stem: `proc_space'
#  Last modified 2022-05-26 13:52:15
#  File has been updated.
#  Successfully updated.
# variable set hash-table stats:
# Load=0/32=0%, Rehash=0, Collisions=0/0=0%
#  commands to execute (from `Makefile', line 66):
	@echo "[~] Linking $<"
	@$(CC) $(CFLAGS) $(RLINC) -c -o $@ $<
	

# Not a target:
src/test/is/is_null.c:
#  Implicit rule search has been done.
#  Last modified 2022-05-26 13:48:02
#  File has been updated.
#  Successfully updated.
# variable set hash-table stats:
# Load=0/32=0%, Rehash=0, Collisions=0/0=0%

# Not a target:
src/test/is/is_quot.c:
#  Implicit rule search has been done.
#  Last modified 2022-05-26 13:48:02
#  File has been updated.
#  Successfully updated.
# variable set hash-table stats:
# Load=0/32=0%, Rehash=0, Collisions=0/0=0%

obj/ft_putnbr_fd.o: libft/ft_putnbr_fd.c
#  Implicit rule search has been done.
#  Implicit/static pattern stem: `ft_putnbr_fd'
#  Last modified 2022-05-26 13:52:19
#  File has been updated.
#  Successfully updated.
# variable set hash-table stats:
# Load=0/32=0%, Rehash=0, Collisions=0/0=0%
#  commands to execute (from `Makefile', line 66):
	@echo "[~] Linking $<"
	@$(CC) $(CFLAGS) $(RLINC) -c -o $@ $<
	

obj/ft_calloc.o: libft/ft_calloc.c
#  Implicit rule search has been done.
#  Implicit/static pattern stem: `ft_calloc'
#  Last modified 2022-05-26 13:52:16
#  File has been updated.
#  Successfully updated.
# variable set hash-table stats:
# Load=0/32=0%, Rehash=0, Collisions=0/0=0%
#  commands to execute (from `Makefile', line 66):
	@echo "[~] Linking $<"
	@$(CC) $(CFLAGS) $(RLINC) -c -o $@ $<
	

# Not a target:
src/test/proc/proc_null.c:
#  Implicit rule search has been done.
#  Last modified 2022-05-26 13:48:02
#  File has been updated.
#  Successfully updated.
# variable set hash-table stats:
# Load=0/32=0%, Rehash=0, Collisions=0/0=0%

# Not a target:
libft/ft_putnbr_fd.c:
#  Implicit rule search has been done.
#  Last modified 2022-05-26 13:48:02
#  File has been updated.
#  Successfully updated.
# variable set hash-table stats:
# Load=0/32=0%, Rehash=0, Collisions=0/0=0%

obj/ft_substr.o: libft/ft_substr.c
#  Implicit rule search has been done.
#  Implicit/static pattern stem: `ft_substr'
#  Last modified 2022-05-26 13:52:21
#  File has been updated.
#  Successfully updated.
# variable set hash-table stats:
# Load=0/32=0%, Rehash=0, Collisions=0/0=0%
#  commands to execute (from `Makefile', line 66):
	@echo "[~] Linking $<"
	@$(CC) $(CFLAGS) $(RLINC) -c -o $@ $<
	

# Not a target:
src/test/proc/proc_find_letter.c:
#  Implicit rule search has been done.
#  Last modified 2022-05-26 13:48:02
#  File has been updated.
#  Successfully updated.
# variable set hash-table stats:
# Load=0/32=0%, Rehash=0, Collisions=0/0=0%

# Not a target:
src/test/proc/proc_quot.c:
#  Implicit rule search has been done.
#  Last modified 2022-05-26 13:48:02
#  File has been updated.
#  Successfully updated.
# variable set hash-table stats:
# Load=0/32=0%, Rehash=0, Collisions=0/0=0%

# Not a target:
libft/ft_calloc.c:
#  Implicit rule search has been done.
#  Last modified 2022-05-26 13:48:02
#  File has been updated.
#  Successfully updated.
# variable set hash-table stats:
# Load=0/32=0%, Rehash=0, Collisions=0/0=0%

# Not a target:
libft/ft_substr.c:
#  Implicit rule search has been done.
#  Last modified 2022-05-26 13:48:02
#  File has been updated.
#  Successfully updated.
# variable set hash-table stats:
# Load=0/32=0%, Rehash=0, Collisions=0/0=0%

obj/ft_isalpha.o: libft/ft_isalpha.c
#  Implicit rule search has been done.
#  Implicit/static pattern stem: `ft_isalpha'
#  Last modified 2022-05-26 13:52:16
#  File has been updated.
#  Successfully updated.
# variable set hash-table stats:
# Load=0/32=0%, Rehash=0, Collisions=0/0=0%
#  commands to execute (from `Makefile', line 66):
	@echo "[~] Linking $<"
	@$(CC) $(CFLAGS) $(RLINC) -c -o $@ $<
	

# Not a target:
src/test/proc/proc_pipe.c:
#  Implicit rule search has been done.
#  Last modified 2022-05-26 13:48:02
#  File has been updated.
#  Successfully updated.
# variable set hash-table stats:
# Load=0/32=0%, Rehash=0, Collisions=0/0=0%

obj/distinguish.o: src/test/distinguish.c
#  Implicit rule search has been done.
#  Implicit/static pattern stem: `distinguish'
#  Last modified 2022-05-26 13:52:13
#  File has been updated.
#  Successfully updated.
# variable set hash-table stats:
# Load=0/32=0%, Rehash=0, Collisions=0/0=0%
#  commands to execute (from `Makefile', line 66):
	@echo "[~] Linking $<"
	@$(CC) $(CFLAGS) $(RLINC) -c -o $@ $<
	

obj/init_environ.o: src/test/struct/init_environ.c
#  Implicit rule search has been done.
#  Implicit/static pattern stem: `init_environ'
#  Last modified 2022-05-26 13:52:15
#  File has been updated.
#  Successfully updated.
# variable set hash-table stats:
# Load=0/32=0%, Rehash=0, Collisions=0/0=0%
#  commands to execute (from `Makefile', line 66):
	@echo "[~] Linking $<"
	@$(CC) $(CFLAGS) $(RLINC) -c -o $@ $<
	

# Not a target:
src/test/free/free_set_a.c:
#  Implicit rule search has been done.
#  Last modified 2022-05-26 13:48:02
 
#  File has been updated.
#  Successfully updated.
# variable set hash-table stats:
# Load=0/32=0%, Rehash=0, Collisions=0/0=0%

# Not a target:
libft/ft_isalpha.c:
#  Implicit rule search has been done.
#  Last modified 2022-05-26 13:48:02
#  File has been updated.
#  Successfully updated.
# variable set hash-table stats:
# Load=0/32=0%, Rehash=0, Collisions=0/0=0%

# Not a target:
libft/ft_lstsize.c:
#  Implicit rule search has been done.
#  Last modified 2022-05-26 13:48:02
#  File has been updated.
#  Successfully updated.
# variable set hash-table stats:
# Load=0/32=0%, Rehash=0, Collisions=0/0=0%

# Not a target:
libft/ft_strchr.c:
#  Implicit rule search has been done.
#  Last modified 2022-05-26 13:48:02
#  File has been updated.
#  Successfully updated.
# variable set hash-table stats:
# Load=0/32=0%, Rehash=0, Collisions=0/0=0%

# files hash-table stats:
# Load=147/1024=14%, Rehash=0, Collisions=207/1462=14%
# VPATH Search Paths

vpath %.c src:src/test:src/test/is:src/test/proc:src/test/struct:libft:src/test/node:src/test/free

# 1 `vpath' search paths.

# No general (`VPATH' variable) search path.

# # of strings in strcache: 1
# # of strcache buffers: 1
# strcache size: total = 4096 / max = 4096 / min = 4096 / avg = 4096
# strcache free: total = 4087 / max = 4087 / min = 4087 / avg = 4087

# Finished Make data base on Thu May 26 13:53:17 2022

 
